  address_analizer.c
C:\Users\Yakir\Documents\Computer Science BS\Systems Programming C\Project\Assembler\Assembler\address_analizer.c(97,34): warning C4047: 'function': 'char *' differs in levels of indirection from 'char'
C:\Users\Yakir\Documents\Computer Science BS\Systems Programming C\Project\Assembler\Assembler\address_analizer.c(97,31): warning C4024: 'strncpy': different types for formal and actual parameter 1
C:\Users\Yakir\Documents\Computer Science BS\Systems Programming C\Project\Assembler\Assembler\address_analizer.c(62,28): warning C4244: 'initializing': conversion from '__int64' to 'int', possible loss of data
C:\Users\Yakir\Documents\Computer Science BS\Systems Programming C\Project\Assembler\Assembler\address_analizer.c(137,27): warning C4244: 'initializing': conversion from '__int64' to 'int', possible loss of data
C:\Users\Yakir\Documents\Computer Science BS\Systems Programming C\Project\Assembler\Assembler\address_analizer.c(147,18): warning C4267: 'initializing': conversion from 'size_t' to 'int', possible loss of data
  address_table.c
  base32.c
  dictionary.c
C:\Users\Yakir\Documents\Computer Science BS\Systems Programming C\Project\Assembler\Assembler\dictionary.c(39,31): error C4996: 'strdup': The POSIX name for this item is deprecated. Instead, use the ISO C and C++ conformant name: _strdup. See online help for details.
C:\Users\Yakir\Documents\Computer Science BS\Systems Programming C\Project\Assembler\Assembler\dictionary.c(40,33): error C4996: 'strdup': The POSIX name for this item is deprecated. Instead, use the ISO C and C++ conformant name: _strdup. See online help for details.
  dynamic_string.c
C:\Users\Yakir\Documents\Computer Science BS\Systems Programming C\Project\Assembler\Assembler\dynamic_string.c(24,47): warning C4267: 'initializing': conversion from 'size_t' to 'int', possible loss of data
  first_process.c
C:\Users\Yakir\Documents\Computer Science BS\Systems Programming C\Project\Assembler\Assembler\first_process.c(48,61): warning C4133: 'function': incompatible types - from 'address_entries *' to 'address_entry *'
C:\Users\Yakir\Documents\Computer Science BS\Systems Programming C\Project\Assembler\Assembler\first_process.c(53,63): warning C4133: 'function': incompatible types - from 'address_entries *' to 'address_entry *'
C:\Users\Yakir\Documents\Computer Science BS\Systems Programming C\Project\Assembler\Assembler\first_process.c(58,63): warning C4133: 'function': incompatible types - from 'address_entries *' to 'address_entry *'
C:\Users\Yakir\Documents\Computer Science BS\Systems Programming C\Project\Assembler\Assembler\first_process.c(94,86): warning C4047: '=': 'char' differs in levels of indirection from 'char *'
C:\Users\Yakir\Documents\Computer Science BS\Systems Programming C\Project\Assembler\Assembler\first_process.c(144,25): warning C4477: 'sprintf' : format string '%d' requires an argument of type 'int', but variadic argument 1 has type 'int *'
C:\Users\Yakir\Documents\Computer Science BS\Systems Programming C\Project\Assembler\Assembler\first_process.c(144,25): warning C4313: 'sprintf': '%d' in format string conflicts with argument 1 of type 'int *'
C:\Users\Yakir\Documents\Computer Science BS\Systems Programming C\Project\Assembler\Assembler\first_process.c(146,35): warning C4133: 'function': incompatible types - from 'address_entry *' to 'address_entries *'
C:\Users\Yakir\Documents\Computer Science BS\Systems Programming C\Project\Assembler\Assembler\first_process.c(160,45): warning C4047: 'function': 'int *' differs in levels of indirection from 'int'
C:\Users\Yakir\Documents\Computer Science BS\Systems Programming C\Project\Assembler\Assembler\first_process.c(160,29): warning C4024: 'dec_to_binary': different types for formal and actual parameter 2
C:\Users\Yakir\Documents\Computer Science BS\Systems Programming C\Project\Assembler\Assembler\first_process.c(161,35): warning C4133: 'function': incompatible types - from 'address_entry *' to 'address_entries *'
C:\Users\Yakir\Documents\Computer Science BS\Systems Programming C\Project\Assembler\Assembler\first_process.c(161,57): warning C4047: 'function': 'char *' differs in levels of indirection from 'int'
C:\Users\Yakir\Documents\Computer Science BS\Systems Programming C\Project\Assembler\Assembler\first_process.c(161,41): warning C4024: 'insert_address_entry': different types for formal and actual parameter 3
C:\Users\Yakir\Documents\Computer Science BS\Systems Programming C\Project\Assembler\Assembler\first_process.c(167,34): warning C4133: 'function': incompatible types - from 'address_entry *' to 'address_entries *'
C:\Users\Yakir\Documents\Computer Science BS\Systems Programming C\Project\Assembler\Assembler\first_process.c(196,25): warning C4477: 'sprintf' : format string '%d' requires an argument of type 'int', but variadic argument 1 has type 'int *'
C:\Users\Yakir\Documents\Computer Science BS\Systems Programming C\Project\Assembler\Assembler\first_process.c(196,25): warning C4313: 'sprintf': '%d' in format string conflicts with argument 1 of type 'int *'
C:\Users\Yakir\Documents\Computer Science BS\Systems Programming C\Project\Assembler\Assembler\first_process.c(198,35): warning C4133: 'function': incompatible types - from 'address_entry *' to 'address_entries *'
C:\Users\Yakir\Documents\Computer Science BS\Systems Programming C\Project\Assembler\Assembler\first_process.c(209,45): warning C4047: 'function': 'int *' differs in levels of indirection from 'int'
C:\Users\Yakir\Documents\Computer Science BS\Systems Programming C\Project\Assembler\Assembler\first_process.c(209,29): warning C4024: 'dec_to_binary': different types for formal and actual parameter 2
C:\Users\Yakir\Documents\Computer Science BS\Systems Programming C\Project\Assembler\Assembler\first_process.c(210,35): warning C4133: 'function': incompatible types - from 'address_entry *' to 'address_entries *'
C:\Users\Yakir\Documents\Computer Science BS\Systems Programming C\Project\Assembler\Assembler\first_process.c(210,57): warning C4047: 'function': 'char *' differs in levels of indirection from 'int'
C:\Users\Yakir\Documents\Computer Science BS\Systems Programming C\Project\Assembler\Assembler\first_process.c(210,41): warning C4024: 'insert_address_entry': different types for formal and actual parameter 3
C:\Users\Yakir\Documents\Computer Science BS\Systems Programming C\Project\Assembler\Assembler\first_process.c(216,34): warning C4133: 'function': incompatible types - from 'address_entry *' to 'address_entries *'
C:\Users\Yakir\Documents\Computer Science BS\Systems Programming C\Project\Assembler\Assembler\first_process.c(125,27): warning C4244: 'initializing': conversion from '__int64' to 'int', possible loss of data
C:\Users\Yakir\Documents\Computer Science BS\Systems Programming C\Project\Assembler\Assembler\first_process.c(155,1): warning C4047: 'initializing': 'int' differs in levels of indirection from 'void *'
C:\Users\Yakir\Documents\Computer Science BS\Systems Programming C\Project\Assembler\Assembler\first_process.c(177,27): warning C4244: 'initializing': conversion from '__int64' to 'int', possible loss of data
C:\Users\Yakir\Documents\Computer Science BS\Systems Programming C\Project\Assembler\Assembler\first_process.c(204,1): warning C4047: 'initializing': 'int' differs in levels of indirection from 'void *'
  main.c
  memory_image.c
  operations_table.c
  pre_processor.c
  registers.c
C:\Users\Yakir\Documents\Computer Science BS\Systems Programming C\Project\Assembler\Assembler\registers.c(28,7): warning C4013: 'strcmp' undefined; assuming extern returning int
  second_process.c
  static_arrays.c
  symbol_table.c
C:\Users\Yakir\Documents\Computer Science BS\Systems Programming C\Project\Assembler\Assembler\symbol_table.c(43,43): error C4996: 'strdup': The POSIX name for this item is deprecated. Instead, use the ISO C and C++ conformant name: _strdup. See online help for details.
C:\Users\Yakir\Documents\Computer Science BS\Systems Programming C\Project\Assembler\Assembler\symbol_table.c(80,39): warning C4244: 'initializing': conversion from '__int64' to 'int', possible loss of data
  Generating Code...
C:\Users\Yakir\Documents\Computer Science BS\Systems Programming C\Project\Assembler\Assembler\first_process.c(93): error C4789: buffer 'binary_code' of size 10 bytes will be overrun; 1 bytes will be written starting at offset 10
C:\Users\Yakir\Documents\Computer Science BS\Systems Programming C\Project\Assembler\Assembler\address_analizer.c(104): warning C4172: returning address of local variable or temporary: binary_num
